TN:
SF:/Users/Me/Development/360Me-Webapp/tests/main.js
FNF:0
FNH:0
DA:4,1
DA:6,1
LF:2
LH:2
BRF:0
BRH:0
end_of_record
TN:
SF:/Users/Me/Development/360Me-Webapp/tests/button.jsx
FN:3,(anonymous_1)
FN:15,(anonymous_2)
FN:16,(anonymous_3)
FNF:3
FNH:3
FNDA:2,(anonymous_1)
FNDA:1,(anonymous_2)
FNDA:1,(anonymous_3)
DA:3,2
DA:9,1
DA:11,1
DA:13,1
DA:15,1
DA:16,1
DA:19,1
DA:21,1
DA:23,1
LF:9
LH:9
BRDA:3,1,0,0
BRDA:3,1,1,2
BRDA:3,2,0,2
BRDA:3,2,1,2
BRF:4
BRH:3
end_of_record
TN:
SF:/Users/Me/Development/360Me-Webapp/src/modules/reviews/components/RemoveReviewButton.jsx
FN:3,(anonymous_1)
FN:13,render
FNF:2
FNH:2
FNDA:1,(anonymous_1)
FNDA:1,render
DA:3,1
DA:5,1
DA:10,1
DA:14,1
DA:22,1
LF:5
LH:5
BRDA:3,1,0,0
BRDA:3,1,1,1
BRDA:3,2,0,1
BRDA:3,2,1,1
BRF:4
BRH:3
end_of_record
